<?xml version="1.0" encoding="UTF-8"?>
<testng-results ignored="0" total="1" passed="1" failed="0" skipped="0">
  <reporter-output>
  </reporter-output>
  <suite started-at="2021-08-09T07:25:15 MESZ" name="Default suite" finished-at="2021-08-09T07:25:23 MESZ" duration-ms="8175">
    <groups>
    </groups>
    <test started-at="2021-08-09T07:25:15 MESZ" name="Default test" finished-at="2021-08-09T07:25:23 MESZ" duration-ms="8175">
      <class name="listeners.MyTestCaseListeners">
        <test-method signature="VerifyYahooTitle()[pri:0, instance:listeners.MyTestCaseListeners@625732]" started-at="2021-08-09T07:25:15 MESZ" name="VerifyYahooTitle" finished-at="2021-08-09T07:25:23 MESZ" duration-ms="8106" status="PASS">
          <reporter-output>
          </reporter-output>
        </test-method> <!-- VerifyYahooTitle -->
      </class> <!-- listeners.MyTestCaseListeners -->
    </test> <!-- Default test -->
  </suite> <!-- Default suite -->
</testng-results>
